7.5362 	WARNING 	Movie2 stim could not be imported and won't be available
7.6229 	WARNING 	TextBox stim could not be imported and won't be available.
7.6229 	WARNING 	TextBox Font Manager Found No Fonts.
14.9192 	EXP 	Created window1 = Window(allowGUI=False, allowStencil=False, autoLog=True, bitsMode=UNKNOWN, blendMode='avg', color=array([ 0.,  0.,  0.]), colorSpace='rgb', fullscr=UNKNOWN, gamma=None, lms=UNKNOWN, monitor=<psychopy.monitors.calibTools.Monitor instance at 0xb7b0760>, name='window1', pos=[0, 0], screen=0, size=array([1280,  800]), stereo=False, units=u'norm', useFBO=True, viewOri=0.0, viewPos=None, viewScale=None, waitBlanking=True, winType='pyglet')
14.9192 	EXP 	window1: recordFrameIntervals = False
15.0834 	EXP 	window1: recordFrameIntervals = True
15.2668 	EXP 	window1: recordFrameIntervals = False
16.2143 	EXP 	Created instructions_practice = TextStim(alignHoriz='center', alignVert='center', antialias=True, autoLog=True, bold=False, color=u'white', colorSpace='named', contrast=1.0, depth=0.0, flipHoriz=False, flipVert=False, font=u'Arial', fontFiles=[], height=0.1, italic=False, name='instructions_practice', opacity=1.0, ori=0, pos=array([ 0.,  0.]), rgb=array([ 255.,  255.,  255.]), text=unicode(...), units=u'norm', win=Window(...), wrapWidth=1)
16.2177 	EXP 	Created image_practice = ImageStim(autoLog=True, color=array([ 1.,  1.,  1.]), colorSpace='rgb', contrast=1.0, depth=0.0, flipHoriz=False, flipVert=False, image='sin', interpolate=True, mask=None, maskParams=None, name='image_practice', opacity=1.0, ori=0.0, pos=array([ 0.,  0.]), size=array([ 0.5,  0.5]), texRes=128, units=u'norm', win=Window(...))
16.2266 	EXP 	Created feedback = TextStim(alignHoriz='center', alignVert='center', antialias=True, autoLog=True, bold=False, color=u'white', colorSpace='named', contrast=1.0, depth=-1.0, flipHoriz=False, flipVert=False, font=u'Arial', fontFiles=[], height=0.1, italic=False, name='feedback', opacity=1.0, ori=0, pos=array([ 0.,  0.]), rgb=array([ 255.,  255.,  255.]), text=u'default text', units=u'norm', win=Window(...), wrapWidth=1)
16.2739 	EXP 	Created text_2 = TextStim(alignHoriz='center', alignVert='center', antialias=True, autoLog=True, bold=False, color=u'white', colorSpace='named', contrast=1.0, depth=0.0, flipHoriz=False, flipVert=False, font=u'Arial', fontFiles=[], height=0.1, italic=False, name='text_2', opacity=1.0, ori=0, pos=array([ 0.,  0.]), rgb=array([ 255.,  255.,  255.]), text=unicode(...), units=u'norm', win=Window(...), wrapWidth=1)
16.2775 	EXP 	Created image_trial = ImageStim(autoLog=True, color=array([ 1.,  1.,  1.]), colorSpace='rgb', contrast=1.0, depth=0.0, flipHoriz=False, flipVert=False, image='sin', interpolate=True, mask=None, maskParams=None, name='image_trial', opacity=1.0, ori=0.0, pos=array([ 0.,  0.]), size=array([ 0.5,  0.5]), texRes=128, units=u'norm', win=Window(...))
16.2863 	EXP 	Created text = TextStim(alignHoriz='center', alignVert='center', antialias=True, autoLog=True, bold=False, color='white', colorSpace='named', contrast=1.0, depth=0.0, flipHoriz=False, flipVert=False, font='Arial', fontFiles=[], height=0.1, italic=False, name='text', opacity=1.0, ori=0, pos=array([ 0.,  0.]), rgb=array([ 255.,  255.,  255.]), text=u'Thanks for participating', units=u'norm', win=Window(...), wrapWidth=1)
16.3642 	EXP 	instructions_practice: autoDraw = True
17.4623 	DATA 	Keypress: space
17.4827 	EXP 	Imported images/datafile.xlsx as conditions, 10 conditions, 2 params
17.4832 	EXP 	Created sequence: random, trialTypes=10, nReps=5, seed=None
17.4984 	EXP 	New trial (rep=0, index=0): {u'correct_ans': u'right', u'images': u'images/cat_eyes.jpeg'}
17.5449 	EXP 	instructions_practice: autoDraw = False
17.5449 	EXP 	image_practice: image = u'images/cat_eyes.jpeg'
17.5449 	EXP 	image_practice: autoDraw = True
18.3767 	DATA 	Keypress: right
18.4427 	EXP 	image_practice: autoDraw = False
18.4427 	EXP 	feedback: text = "Yes! That's right"
18.4427 	EXP 	feedback: autoDraw = True
19.3909 	EXP 	New trial (rep=0, index=1): {u'correct_ans': u'up', u'images': u'images/egg_hog.jpeg'}
19.4569 	EXP 	feedback: autoDraw = False
19.4569 	EXP 	image_practice: image = u'images/egg_hog.jpeg'
19.4569 	EXP 	image_practice: autoDraw = True
20.0893 	DATA 	Keypress: up
20.1055 	EXP 	image_practice: autoDraw = False
20.1055 	EXP 	feedback: text = "Yes! That's right"
20.1055 	EXP 	feedback: autoDraw = True
21.0868 	EXP 	New trial (rep=0, index=2): {u'correct_ans': u'right', u'images': u'images/rat_cat.jpeg'}
21.1358 	EXP 	feedback: autoDraw = False
21.1358 	EXP 	feedback: autoDraw = False
21.1358 	EXP 	image_practice: image = u'images/rat_cat.jpeg'
21.1358 	EXP 	image_practice: autoDraw = True
21.6851 	DATA 	Keypress: right
21.7012 	EXP 	image_practice: autoDraw = False
21.7012 	EXP 	feedback: text = "Yes! That's right"
21.7012 	EXP 	feedback: autoDraw = True
22.6833 	EXP 	New trial (rep=0, index=3): {u'correct_ans': u'left', u'images': u'images/gorilla_face.jpeg'}
22.7159 	EXP 	feedback: autoDraw = False
22.7159 	EXP 	feedback: autoDraw = False
22.7159 	EXP 	image_practice: image = u'images/gorilla_face.jpeg'
22.7159 	EXP 	image_practice: autoDraw = True
23.2152 	DATA 	Keypress: left
23.2313 	EXP 	image_practice: autoDraw = False
23.2313 	EXP 	feedback: text = "Yes! That's right"
23.2313 	EXP 	feedback: autoDraw = True
24.2290 	EXP 	feedback: autoDraw = False
24.2290 	EXP 	feedback: autoDraw = False
24.2290 	EXP 	text_2: autoDraw = True
29.5501 	DATA 	Keypress: space
29.5581 	EXP 	Imported images/datafile.xlsx as conditions, 10 conditions, 2 params
29.5586 	EXP 	Created sequence: random, trialTypes=10, nReps=5, seed=None
29.5593 	EXP 	New trial (rep=0, index=0): {u'correct_ans': u'right', u'images': u'images/rat_cat.jpeg'}
29.5829 	EXP 	text_2: autoDraw = False
29.5829 	EXP 	image_trial: image = u'images/rat_cat.jpeg'
29.5829 	EXP 	image_trial: autoDraw = True
30.9470 	DATA 	Keypress: left
30.9487 	EXP 	New trial (rep=0, index=1): {u'correct_ans': u'up', u'images': u'images/marshmallow_hog.jpeg'}
31.0124 	EXP 	image_trial: autoDraw = False
31.0124 	EXP 	image_trial: image = u'images/marshmallow_hog.jpeg'
31.0124 	EXP 	image_trial: autoDraw = True
31.7445 	DATA 	Keypress: up
31.7455 	EXP 	New trial (rep=0, index=2): {u'correct_ans': u'left', u'images': u'images/gorilla_tongue.jpeg'}
31.7939 	EXP 	image_trial: autoDraw = False
31.7939 	EXP 	image_trial: image = u'images/gorilla_tongue.jpeg'
31.7939 	EXP 	image_trial: autoDraw = True
32.3762 	DATA 	Keypress: left
32.3773 	EXP 	New trial (rep=0, index=3): {u'correct_ans': u'right', u'images': u'images/ear_muffs_cat.jpeg'}
32.4428 	EXP 	image_trial: autoDraw = False
32.4428 	EXP 	image_trial: image = u'images/ear_muffs_cat.jpeg'
32.4428 	EXP 	image_trial: autoDraw = True
33.0250 	DATA 	Keypress: right
33.0263 	EXP 	New trial (rep=0, index=4): {u'correct_ans': u'up', u'images': u'images/egg_hog.jpeg'}
33.0414 	EXP 	image_trial: autoDraw = False
33.0414 	EXP 	image_trial: image = u'images/egg_hog.jpeg'
33.0414 	EXP 	image_trial: autoDraw = True
33.5906 	DATA 	Keypress: up
33.5919 	EXP 	New trial (rep=0, index=5): {u'correct_ans': u'left', u'images': u'images/gorilla_face.jpeg'}
33.6067 	EXP 	image_trial: autoDraw = False
33.6067 	EXP 	image_trial: image = u'images/gorilla_face.jpeg'
33.6067 	EXP 	image_trial: autoDraw = True
34.3719 	DATA 	Keypress: left
34.3732 	EXP 	New trial (rep=0, index=6): {u'correct_ans': u'up', u'images': u'images/icecream_hog.jpeg'}
34.4379 	EXP 	image_trial: autoDraw = False
34.4379 	EXP 	image_trial: image = u'images/icecream_hog.jpeg'
34.4379 	EXP 	image_trial: autoDraw = True
35.3697 	DATA 	Keypress: up
35.3711 	EXP 	New trial (rep=0, index=7): {u'correct_ans': u'right', u'images': u'images/cat_eyes.jpeg'}
35.3858 	EXP 	image_trial: autoDraw = False
35.3858 	EXP 	image_trial: image = u'images/cat_eyes.jpeg'
35.3858 	EXP 	image_trial: autoDraw = True
36.2178 	DATA 	Keypress: right
36.2191 	EXP 	New trial (rep=0, index=8): {u'correct_ans': u'left', u'images': u'images/gorilla_fat.jpeg'}
36.2670 	EXP 	image_trial: autoDraw = False
36.2670 	EXP 	image_trial: image = u'images/gorilla_fat.jpeg'
36.2670 	EXP 	image_trial: autoDraw = True
36.8828 	DATA 	Keypress: up
36.8841 	EXP 	New trial (rep=0, index=9): {u'correct_ans': u'up', u'images': u'images/santa_hog.jpeg'}
36.9321 	EXP 	image_trial: autoDraw = False
36.9321 	EXP 	image_trial: image = u'images/santa_hog.jpeg'
36.9321 	EXP 	image_trial: autoDraw = True
38.1465 	DATA 	Keypress: left
38.1479 	EXP 	New trial (rep=1, index=0): {u'correct_ans': u'right', u'images': u'images/rat_cat.jpeg'}
38.1624 	EXP 	image_trial: autoDraw = False
38.1624 	EXP 	image_trial: image = u'images/rat_cat.jpeg'
38.1624 	EXP 	image_trial: autoDraw = True
39.1774 	DATA 	Keypress: up
39.1788 	EXP 	New trial (rep=1, index=1): {u'correct_ans': u'left', u'images': u'images/gorilla_fat.jpeg'}
39.1933 	EXP 	image_trial: autoDraw = False
39.1933 	EXP 	image_trial: image = u'images/gorilla_fat.jpeg'
39.1933 	EXP 	image_trial: autoDraw = True
40.7899 	DATA 	Keypress: left
40.7913 	EXP 	New trial (rep=1, index=2): {u'correct_ans': u'left', u'images': u'images/gorilla_tongue.jpeg'}
40.8060 	EXP 	image_trial: autoDraw = False
40.8060 	EXP 	image_trial: image = u'images/gorilla_tongue.jpeg'
40.8060 	EXP 	image_trial: autoDraw = True
41.3222 	DATA 	Keypress: left
41.3235 	EXP 	New trial (rep=1, index=3): {u'correct_ans': u'right', u'images': u'images/cat_eyes.jpeg'}
41.3383 	EXP 	image_trial: autoDraw = False
41.3383 	EXP 	image_trial: image = u'images/cat_eyes.jpeg'
41.3383 	EXP 	image_trial: autoDraw = True
42.1870 	DATA 	Keypress: right
42.1884 	EXP 	New trial (rep=1, index=4): {u'correct_ans': u'right', u'images': u'images/ear_muffs_cat.jpeg'}
42.2027 	EXP 	image_trial: autoDraw = False
42.2027 	EXP 	image_trial: image = u'images/ear_muffs_cat.jpeg'
42.2027 	EXP 	image_trial: autoDraw = True
43.0017 	DATA 	Keypress: right
43.0031 	EXP 	New trial (rep=1, index=5): {u'correct_ans': u'up', u'images': u'images/marshmallow_hog.jpeg'}
43.0175 	EXP 	image_trial: autoDraw = False
43.0175 	EXP 	image_trial: image = u'images/marshmallow_hog.jpeg'
43.0175 	EXP 	image_trial: autoDraw = True
43.6335 	DATA 	Keypress: up
43.6348 	EXP 	New trial (rep=1, index=6): {u'correct_ans': u'up', u'images': u'images/santa_hog.jpeg'}
43.6493 	EXP 	image_trial: autoDraw = False
43.6493 	EXP 	image_trial: image = u'images/santa_hog.jpeg'
43.6493 	EXP 	image_trial: autoDraw = True
44.2653 	DATA 	Keypress: up
44.2667 	EXP 	New trial (rep=1, index=7): {u'correct_ans': u'up', u'images': u'images/icecream_hog.jpeg'}
44.2813 	EXP 	image_trial: autoDraw = False
44.2813 	EXP 	image_trial: image = u'images/icecream_hog.jpeg'
44.2813 	EXP 	image_trial: autoDraw = True
44.8304 	DATA 	Keypress: up
44.8318 	EXP 	New trial (rep=1, index=8): {u'correct_ans': u'up', u'images': u'images/egg_hog.jpeg'}
44.8465 	EXP 	image_trial: autoDraw = False
44.8465 	EXP 	image_trial: image = u'images/egg_hog.jpeg'
44.8465 	EXP 	image_trial: autoDraw = True
45.7449 	DATA 	Keypress: up
45.7463 	EXP 	New trial (rep=1, index=9): {u'correct_ans': u'left', u'images': u'images/gorilla_face.jpeg'}
45.7612 	EXP 	image_trial: autoDraw = False
45.7612 	EXP 	image_trial: image = u'images/gorilla_face.jpeg'
45.7612 	EXP 	image_trial: autoDraw = True
46.3770 	DATA 	Keypress: left
46.3784 	EXP 	New trial (rep=2, index=0): {u'correct_ans': u'right', u'images': u'images/ear_muffs_cat.jpeg'}
46.3930 	EXP 	image_trial: autoDraw = False
46.3930 	EXP 	image_trial: image = u'images/ear_muffs_cat.jpeg'
46.3930 	EXP 	image_trial: autoDraw = True
47.0420 	DATA 	Keypress: right
47.0479 	EXP 	New trial (rep=2, index=1): {u'correct_ans': u'right', u'images': u'images/cat_eyes.jpeg'}
47.0581 	EXP 	image_trial: autoDraw = False
47.0581 	EXP 	image_trial: image = u'images/cat_eyes.jpeg'
47.0581 	EXP 	image_trial: autoDraw = True
47.7569 	DATA 	Keypress: right
47.7583 	EXP 	New trial (rep=2, index=2): {u'correct_ans': u'right', u'images': u'images/rat_cat.jpeg'}
47.7730 	EXP 	image_trial: autoDraw = False
47.7730 	EXP 	image_trial: image = u'images/rat_cat.jpeg'
47.7730 	EXP 	image_trial: autoDraw = True
48.6050 	DATA 	Keypress: right
48.6063 	EXP 	New trial (rep=2, index=3): {u'correct_ans': u'left', u'images': u'images/gorilla_tongue.jpeg'}
48.6210 	EXP 	image_trial: autoDraw = False
48.6210 	EXP 	image_trial: image = u'images/gorilla_tongue.jpeg'
48.6210 	EXP 	image_trial: autoDraw = True
49.2534 	DATA 	Keypress: up
49.2548 	EXP 	New trial (rep=2, index=4): {u'correct_ans': u'up', u'images': u'images/santa_hog.jpeg'}
49.2695 	EXP 	image_trial: autoDraw = False
49.2695 	EXP 	image_trial: image = u'images/santa_hog.jpeg'
49.2695 	EXP 	image_trial: autoDraw = True
49.6026 	DATA 	Keypress: left
49.6039 	EXP 	New trial (rep=2, index=5): {u'correct_ans': u'up', u'images': u'images/marshmallow_hog.jpeg'}
49.6186 	EXP 	image_trial: autoDraw = False
49.6186 	EXP 	image_trial: image = u'images/marshmallow_hog.jpeg'
49.6186 	EXP 	image_trial: autoDraw = True
50.3009 	DATA 	Keypress: up
50.3021 	EXP 	New trial (rep=2, index=6): {u'correct_ans': u'left', u'images': u'images/gorilla_fat.jpeg'}
50.3169 	EXP 	image_trial: autoDraw = False
50.3169 	EXP 	image_trial: image = u'images/gorilla_fat.jpeg'
50.3169 	EXP 	image_trial: autoDraw = True
50.9660 	DATA 	Keypress: left
50.9673 	EXP 	New trial (rep=2, index=7): {u'correct_ans': u'up', u'images': u'images/icecream_hog.jpeg'}
50.9819 	EXP 	image_trial: autoDraw = False
50.9819 	EXP 	image_trial: image = u'images/icecream_hog.jpeg'
50.9819 	EXP 	image_trial: autoDraw = True
51.7975 	DATA 	Keypress: up
51.7988 	EXP 	New trial (rep=2, index=8): {u'correct_ans': u'left', u'images': u'images/gorilla_face.jpeg'}
51.8134 	EXP 	image_trial: autoDraw = False
51.8134 	EXP 	image_trial: image = u'images/gorilla_face.jpeg'
51.8134 	EXP 	image_trial: autoDraw = True
52.2290 	DATA 	Keypress: left
52.2300 	EXP 	New trial (rep=2, index=9): {u'correct_ans': u'up', u'images': u'images/egg_hog.jpeg'}
52.2451 	EXP 	image_trial: autoDraw = False
52.2451 	EXP 	image_trial: image = u'images/egg_hog.jpeg'
52.2451 	EXP 	image_trial: autoDraw = True
52.8110 	DATA 	Keypress: left
52.8121 	EXP 	New trial (rep=3, index=0): {u'correct_ans': u'up', u'images': u'images/egg_hog.jpeg'}
52.8271 	EXP 	image_trial: autoDraw = False
52.8271 	EXP 	image_trial: image = u'images/egg_hog.jpeg'
52.8271 	EXP 	image_trial: autoDraw = True
53.2599 	DATA 	Keypress: up
53.2609 	EXP 	New trial (rep=3, index=1): {u'correct_ans': u'right', u'images': u'images/ear_muffs_cat.jpeg'}
53.2761 	EXP 	image_trial: autoDraw = False
53.2761 	EXP 	image_trial: image = u'images/ear_muffs_cat.jpeg'
53.2761 	EXP 	image_trial: autoDraw = True
53.9588 	DATA 	Keypress: right
53.9601 	EXP 	New trial (rep=3, index=2): {u'correct_ans': u'up', u'images': u'images/santa_hog.jpeg'}
53.9748 	EXP 	image_trial: autoDraw = False
53.9748 	EXP 	image_trial: image = u'images/santa_hog.jpeg'
53.9748 	EXP 	image_trial: autoDraw = True
55.0065 	DATA 	Keypress: up
55.0079 	EXP 	New trial (rep=3, index=3): {u'correct_ans': u'right', u'images': u'images/cat_eyes.jpeg'}
55.0224 	EXP 	image_trial: autoDraw = False
55.0224 	EXP 	image_trial: image = u'images/cat_eyes.jpeg'
55.0224 	EXP 	image_trial: autoDraw = True
55.3728 	DATA 	Keypress: left
55.3742 	EXP 	New trial (rep=3, index=4): {u'correct_ans': u'left', u'images': u'images/gorilla_fat.jpeg'}
55.3882 	EXP 	image_trial: autoDraw = False
55.3882 	EXP 	image_trial: image = u'images/gorilla_fat.jpeg'
55.3882 	EXP 	image_trial: autoDraw = True
55.8545 	DATA 	Keypress: up
55.8558 	EXP 	New trial (rep=3, index=5): {u'correct_ans': u'up', u'images': u'images/marshmallow_hog.jpeg'}
55.8704 	EXP 	image_trial: autoDraw = False
55.8704 	EXP 	image_trial: image = u'images/marshmallow_hog.jpeg'
55.8704 	EXP 	image_trial: autoDraw = True
55.9874 	DATA 	Keypress: left
55.9889 	EXP 	New trial (rep=3, index=6): {u'correct_ans': u'up', u'images': u'images/icecream_hog.jpeg'}
56.0035 	EXP 	image_trial: autoDraw = False
56.0035 	EXP 	image_trial: image = u'images/icecream_hog.jpeg'
56.0035 	EXP 	image_trial: autoDraw = True
56.1203 	DATA 	Keypress: right
56.1216 	EXP 	New trial (rep=3, index=7): {u'correct_ans': u'left', u'images': u'images/gorilla_tongue.jpeg'}
56.1363 	EXP 	image_trial: autoDraw = False
56.1363 	EXP 	image_trial: image = u'images/gorilla_tongue.jpeg'
56.1363 	EXP 	image_trial: autoDraw = True
56.2037 	DATA 	Keypress: up
56.2050 	EXP 	New trial (rep=3, index=8): {u'correct_ans': u'right', u'images': u'images/rat_cat.jpeg'}
56.2195 	EXP 	image_trial: autoDraw = False
56.2195 	EXP 	image_trial: image = u'images/rat_cat.jpeg'
56.2195 	EXP 	image_trial: autoDraw = True
56.3366 	DATA 	Keypress: left
56.3380 	EXP 	New trial (rep=3, index=9): {u'correct_ans': u'left', u'images': u'images/gorilla_face.jpeg'}
56.3525 	EXP 	image_trial: autoDraw = False
56.3525 	EXP 	image_trial: image = u'images/gorilla_face.jpeg'
56.3525 	EXP 	image_trial: autoDraw = True
56.4364 	DATA 	Keypress: right
56.4539 	EXP 	New trial (rep=4, index=0): {u'correct_ans': u'left', u'images': u'images/gorilla_face.jpeg'}
56.4690 	EXP 	image_trial: autoDraw = False
56.4690 	EXP 	image_trial: image = u'images/gorilla_face.jpeg'
56.4690 	EXP 	image_trial: autoDraw = True
56.5528 	DATA 	Keypress: up
56.5542 	EXP 	New trial (rep=4, index=1): {u'correct_ans': u'right', u'images': u'images/rat_cat.jpeg'}
56.5688 	EXP 	image_trial: autoDraw = False
56.5688 	EXP 	image_trial: image = u'images/rat_cat.jpeg'
56.5688 	EXP 	image_trial: autoDraw = True
56.6360 	DATA 	Keypress: left
56.6375 	EXP 	New trial (rep=4, index=2): {u'correct_ans': u'right', u'images': u'images/ear_muffs_cat.jpeg'}
56.6519 	EXP 	image_trial: autoDraw = False
56.6519 	EXP 	image_trial: image = u'images/ear_muffs_cat.jpeg'
56.6519 	EXP 	image_trial: autoDraw = True
56.7856 	DATA 	Keypress: up
56.7869 	EXP 	New trial (rep=4, index=3): {u'correct_ans': u'up', u'images': u'images/santa_hog.jpeg'}
56.8015 	EXP 	image_trial: autoDraw = False
56.8015 	EXP 	image_trial: image = u'images/santa_hog.jpeg'
56.8015 	EXP 	image_trial: autoDraw = True
56.8520 	DATA 	Keypress: right
56.8534 	EXP 	New trial (rep=4, index=4): {u'correct_ans': u'up', u'images': u'images/icecream_hog.jpeg'}
56.8681 	EXP 	image_trial: autoDraw = False
56.8681 	EXP 	image_trial: image = u'images/icecream_hog.jpeg'
56.8681 	EXP 	image_trial: autoDraw = True
56.9184 	DATA 	Keypress: left
56.9198 	EXP 	New trial (rep=4, index=5): {u'correct_ans': u'left', u'images': u'images/gorilla_fat.jpeg'}
56.9346 	EXP 	image_trial: autoDraw = False
56.9346 	EXP 	image_trial: image = u'images/gorilla_fat.jpeg'
56.9346 	EXP 	image_trial: autoDraw = True
57.0683 	DATA 	Keypress: right
57.0687 	DATA 	Keypress: left
57.0700 	EXP 	New trial (rep=4, index=6): {u'correct_ans': u'up', u'images': u'images/marshmallow_hog.jpeg'}
57.0842 	EXP 	image_trial: autoDraw = False
57.0842 	EXP 	image_trial: image = u'images/marshmallow_hog.jpeg'
57.0842 	EXP 	image_trial: autoDraw = True
57.2680 	DATA 	Keypress: up
57.2693 	EXP 	New trial (rep=4, index=7): {u'correct_ans': u'up', u'images': u'images/egg_hog.jpeg'}
57.2837 	EXP 	image_trial: autoDraw = False
57.2837 	EXP 	image_trial: image = u'images/egg_hog.jpeg'
57.2837 	EXP 	image_trial: autoDraw = True
57.3841 	DATA 	Keypress: left
57.3852 	EXP 	New trial (rep=4, index=8): {u'correct_ans': u'right', u'images': u'images/cat_eyes.jpeg'}
57.4001 	EXP 	image_trial: autoDraw = False
57.4001 	EXP 	image_trial: image = u'images/cat_eyes.jpeg'
57.4001 	EXP 	image_trial: autoDraw = True
57.5336 	DATA 	Keypress: up
57.5349 	EXP 	New trial (rep=4, index=9): {u'correct_ans': u'left', u'images': u'images/gorilla_tongue.jpeg'}
57.5497 	EXP 	image_trial: autoDraw = False
57.5497 	EXP 	image_trial: image = u'images/gorilla_tongue.jpeg'
57.5497 	EXP 	image_trial: autoDraw = True
57.5670 	DATA 	Keypress: right
57.5830 	EXP 	image_trial: autoDraw = False
57.5830 	EXP 	text: autoDraw = True
57.8661 	DATA 	Keypress: right
