14.3119 	EXP 	Created window1 = Window(allowGUI=False, allowStencil=False, autoLog=True, bitsMode=UNKNOWN, blendMode='avg', color=array([ 0.,  0.,  0.]), colorSpace='rgb', fullscr=UNKNOWN, gamma=None, lms=UNKNOWN, monitor=<psychopy.monitors.calibTools.Monitor instance at 0x10f5c3368>, name='window1', pos=[0, 0], screen=0, size=array([1280,  800]), stereo=False, units=u'norm', useFBO=True, viewOri=0.0, viewPos=None, viewScale=None, waitBlanking=True, winType='pyglet')
14.3120 	EXP 	window1: recordFrameIntervals = False
14.4768 	EXP 	window1: recordFrameIntervals = True
14.6599 	EXP 	window1: recordFrameIntervals = False
14.8738 	EXP 	Created inst = TextStim(alignHoriz='center', alignVert='center', antialias=True, autoLog=True, bold=False, color='white', colorSpace='named', contrast=1.0, depth=0.0, flipHoriz=False, flipVert=False, font='Arial', fontFiles=[], height=0.1, italic=False, name='inst', opacity=1.0, ori=0, pos=array([ 0.,  0.]), rgb=array([ 255.,  255.,  255.]), text=unicode(...), units=u'norm', win=Window(...), wrapWidth=1)
14.8764 	EXP 	Created image = ImageStim(autoLog=True, color=array([ 1.,  1.,  1.]), colorSpace='rgb', contrast=1.0, depth=0.0, flipHoriz=False, flipVert=False, image='sin', interpolate=True, mask=None, maskParams=None, name='image', opacity=1.0, ori=0.0, pos=array([ 0.,  0.]), size=array([ 0.5,  0.5]), texRes=128, units=u'norm', win=Window(...))
14.8842 	EXP 	Created Thank = TextStim(alignHoriz='center', alignVert='center', antialias=True, autoLog=True, bold=False, color='white', colorSpace='named', contrast=1.0, depth=0.0, flipHoriz=False, flipVert=False, font='Arial', fontFiles=[], height=0.1, italic=False, name='Thank', opacity=1.0, ori=0, pos=array([ 0.,  0.]), rgb=array([ 255.,  255.,  255.]), text=u'Thank you', units=u'norm', win=Window(...), wrapWidth=1)
14.8923 	EXP 	inst: autoDraw = True
18.3377 	DATA 	Keypress: space
18.3755 	EXP 	Imported images/datafile.xlsx as conditions, 10 conditions, 3 params
18.3761 	EXP 	Created sequence: random, trialTypes=10, nReps=5, seed=None
18.3767 	EXP 	New trial (rep=0, index=0): {u'correct_ans': u'up', u'images': u'images/icecream_hog.jpeg', u'type_of_image': u'hog'}
18.4505 	EXP 	inst: autoDraw = False
18.4505 	EXP 	image: image = u'images/icecream_hog.jpeg'
18.4505 	EXP 	image: autoDraw = True
19.1670 	DATA 	Keypress: up
19.1684 	EXP 	New trial (rep=0, index=1): {u'correct_ans': u'up', u'images': u'images/marshmallow_hog.jpeg', u'type_of_image': u'hog'}
19.2153 	EXP 	image: autoDraw = False
19.2153 	EXP 	image: image = u'images/marshmallow_hog.jpeg'
19.2153 	EXP 	image: autoDraw = True
19.9476 	DATA 	Keypress: up
19.9487 	EXP 	New trial (rep=0, index=2): {u'correct_ans': u'right', u'images': u'images/rat_cat.jpeg', u'type_of_image': u'cat'}
19.9968 	EXP 	image: autoDraw = False
19.9968 	EXP 	image: image = u'images/rat_cat.jpeg'
19.9968 	EXP 	image: autoDraw = True
20.6299 	DATA 	Keypress: right
20.6309 	EXP 	New trial (rep=0, index=3): {u'correct_ans': u'up', u'images': u'images/santa_hog.jpeg', u'type_of_image': u'hog'}
20.6782 	EXP 	image: autoDraw = False
20.6782 	EXP 	image: image = u'images/santa_hog.jpeg'
20.6782 	EXP 	image: autoDraw = True
21.2776 	DATA 	Keypress: up
21.2785 	EXP 	New trial (rep=0, index=4): {u'correct_ans': u'left', u'images': u'images/gorilla_tongue.jpeg', u'type_of_image': u'gorilla'}
21.3272 	EXP 	image: autoDraw = False
21.3272 	EXP 	image: image = u'images/gorilla_tongue.jpeg'
21.3272 	EXP 	image: autoDraw = True
21.9103 	DATA 	Keypress: left
21.9115 	EXP 	New trial (rep=0, index=5): {u'correct_ans': u'right', u'images': u'images/ear_muffs_cat.jpeg', u'type_of_image': u'cat'}
21.9588 	EXP 	image: autoDraw = False
21.9588 	EXP 	image: image = u'images/ear_muffs_cat.jpeg'
21.9588 	EXP 	image: autoDraw = True
22.6088 	DATA 	Keypress: right
22.6099 	EXP 	New trial (rep=0, index=6): {u'correct_ans': u'up', u'images': u'images/egg_hog.jpeg', u'type_of_image': u'hog'}
22.6239 	EXP 	image: autoDraw = False
22.6239 	EXP 	image: image = u'images/egg_hog.jpeg'
22.6239 	EXP 	image: autoDraw = True
23.1741 	DATA 	Keypress: up
23.1752 	EXP 	New trial (rep=0, index=7): {u'correct_ans': u'right', u'images': u'images/cat_eyes.jpeg', u'type_of_image': u'cat'}
23.2224 	EXP 	image: autoDraw = False
23.2224 	EXP 	image: image = u'images/cat_eyes.jpeg'
23.2224 	EXP 	image: autoDraw = True
24.1716 	DATA 	Keypress: right
24.1727 	EXP 	New trial (rep=0, index=8): {u'correct_ans': u'left', u'images': u'images/gorilla_face.jpeg', u'type_of_image': u'gorilla'}
24.1869 	EXP 	image: autoDraw = False
24.1869 	EXP 	image: image = u'images/gorilla_face.jpeg'
24.1869 	EXP 	image: autoDraw = True
24.7047 	DATA 	Keypress: left
24.7204 	EXP 	New trial (rep=0, index=9): {u'correct_ans': u'left', u'images': u'images/gorilla_fat.jpeg', u'type_of_image': u'gorilla'}
24.7688 	EXP 	image: autoDraw = False
24.7688 	EXP 	image: image = u'images/gorilla_fat.jpeg'
24.7688 	EXP 	image: autoDraw = True
25.2525 	DATA 	Keypress: left
25.2536 	EXP 	New trial (rep=1, index=0): {u'correct_ans': u'up', u'images': u'images/egg_hog.jpeg', u'type_of_image': u'hog'}
25.2677 	EXP 	image: autoDraw = False
25.2677 	EXP 	image: image = u'images/egg_hog.jpeg'
25.2677 	EXP 	image: autoDraw = True
25.9339 	DATA 	Keypress: up
25.9349 	EXP 	New trial (rep=1, index=1): {u'correct_ans': u'right', u'images': u'images/ear_muffs_cat.jpeg', u'type_of_image': u'cat'}
25.9488 	EXP 	image: autoDraw = False
25.9488 	EXP 	image: image = u'images/ear_muffs_cat.jpeg'
25.9488 	EXP 	image: autoDraw = True
26.6657 	DATA 	Keypress: right
26.6672 	EXP 	New trial (rep=1, index=2): {u'correct_ans': u'up', u'images': u'images/marshmallow_hog.jpeg', u'type_of_image': u'hog'}
26.6806 	EXP 	image: autoDraw = False
26.6806 	EXP 	image: image = u'images/marshmallow_hog.jpeg'
26.6806 	EXP 	image: autoDraw = True
27.4637 	DATA 	Keypress: up
27.4649 	EXP 	New trial (rep=1, index=3): {u'correct_ans': u'left', u'images': u'images/gorilla_fat.jpeg', u'type_of_image': u'gorilla'}
27.4790 	EXP 	image: autoDraw = False
27.4790 	EXP 	image: image = u'images/gorilla_fat.jpeg'
27.4790 	EXP 	image: autoDraw = True
28.0782 	DATA 	Keypress: left
28.0792 	EXP 	New trial (rep=1, index=4): {u'correct_ans': u'left', u'images': u'images/gorilla_face.jpeg', u'type_of_image': u'gorilla'}
28.0938 	EXP 	image: autoDraw = False
28.0938 	EXP 	image: image = u'images/gorilla_face.jpeg'
28.0938 	EXP 	image: autoDraw = True
28.6277 	DATA 	Keypress: left
28.6289 	EXP 	New trial (rep=1, index=5): {u'correct_ans': u'left', u'images': u'images/gorilla_tongue.jpeg', u'type_of_image': u'gorilla'}
28.6594 	EXP 	image: autoDraw = False
28.6594 	EXP 	image: image = u'images/gorilla_tongue.jpeg'
28.6594 	EXP 	image: autoDraw = True
29.1433 	DATA 	Keypress: left
29.1444 	EXP 	New trial (rep=1, index=6): {u'correct_ans': u'right', u'images': u'images/rat_cat.jpeg', u'type_of_image': u'cat'}
29.1746 	EXP 	image: autoDraw = False
29.1746 	EXP 	image: image = u'images/rat_cat.jpeg'
29.1746 	EXP 	image: autoDraw = True
29.7418 	DATA 	Keypress: right
29.7429 	EXP 	New trial (rep=1, index=7): {u'correct_ans': u'right', u'images': u'images/cat_eyes.jpeg', u'type_of_image': u'cat'}
29.7570 	EXP 	image: autoDraw = False
29.7570 	EXP 	image: image = u'images/cat_eyes.jpeg'
29.7570 	EXP 	image: autoDraw = True
30.3238 	DATA 	Keypress: right
30.3249 	EXP 	New trial (rep=1, index=8): {u'correct_ans': u'up', u'images': u'images/icecream_hog.jpeg', u'type_of_image': u'hog'}
30.3555 	EXP 	image: autoDraw = False
30.3555 	EXP 	image: image = u'images/icecream_hog.jpeg'
30.3555 	EXP 	image: autoDraw = True
30.9889 	DATA 	Keypress: up
30.9900 	EXP 	New trial (rep=1, index=9): {u'correct_ans': u'up', u'images': u'images/santa_hog.jpeg', u'type_of_image': u'hog'}
31.0369 	EXP 	image: autoDraw = False
31.0369 	EXP 	image: image = u'images/santa_hog.jpeg'
31.0369 	EXP 	image: autoDraw = True
31.8701 	DATA 	Keypress: right
31.8712 	EXP 	New trial (rep=2, index=0): {u'correct_ans': u'left', u'images': u'images/gorilla_face.jpeg', u'type_of_image': u'gorilla'}
31.8847 	EXP 	image: autoDraw = False
31.8847 	EXP 	image: image = u'images/gorilla_face.jpeg'
31.8847 	EXP 	image: autoDraw = True
32.9674 	DATA 	Keypress: up
32.9685 	EXP 	New trial (rep=2, index=1): {u'correct_ans': u'up', u'images': u'images/santa_hog.jpeg', u'type_of_image': u'hog'}
32.9826 	EXP 	image: autoDraw = False
32.9826 	EXP 	image: image = u'images/santa_hog.jpeg'
32.9826 	EXP 	image: autoDraw = True
33.8651 	DATA 	Keypress: up
33.8663 	EXP 	New trial (rep=2, index=2): {u'correct_ans': u'up', u'images': u'images/marshmallow_hog.jpeg', u'type_of_image': u'hog'}
33.8804 	EXP 	image: autoDraw = False
33.8804 	EXP 	image: image = u'images/marshmallow_hog.jpeg'
33.8804 	EXP 	image: autoDraw = True
34.4473 	DATA 	Keypress: up
34.4484 	EXP 	New trial (rep=2, index=3): {u'correct_ans': u'right', u'images': u'images/cat_eyes.jpeg', u'type_of_image': u'cat'}
34.4625 	EXP 	image: autoDraw = False
34.4625 	EXP 	image: image = u'images/cat_eyes.jpeg'
34.4625 	EXP 	image: autoDraw = True
35.7285 	DATA 	Keypress: right
35.7442 	EXP 	New trial (rep=2, index=4): {u'correct_ans': u'right', u'images': u'images/ear_muffs_cat.jpeg', u'type_of_image': u'cat'}
35.7594 	EXP 	image: autoDraw = False
35.7594 	EXP 	image: image = u'images/ear_muffs_cat.jpeg'
35.7594 	EXP 	image: autoDraw = True
36.3095 	DATA 	Keypress: right
36.3107 	EXP 	New trial (rep=2, index=5): {u'correct_ans': u'left', u'images': u'images/gorilla_fat.jpeg', u'type_of_image': u'gorilla'}
36.3247 	EXP 	image: autoDraw = False
36.3247 	EXP 	image: image = u'images/gorilla_fat.jpeg'
36.3247 	EXP 	image: autoDraw = True
36.9912 	DATA 	Keypress: left
36.9924 	EXP 	New trial (rep=2, index=6): {u'correct_ans': u'up', u'images': u'images/icecream_hog.jpeg', u'type_of_image': u'hog'}
37.0064 	EXP 	image: autoDraw = False
37.0064 	EXP 	image: image = u'images/icecream_hog.jpeg'
37.0064 	EXP 	image: autoDraw = True
37.8391 	DATA 	Keypress: up
37.8403 	EXP 	New trial (rep=2, index=7): {u'correct_ans': u'up', u'images': u'images/egg_hog.jpeg', u'type_of_image': u'hog'}
37.8872 	EXP 	image: autoDraw = False
37.8872 	EXP 	image: image = u'images/egg_hog.jpeg'
37.8872 	EXP 	image: autoDraw = True
38.4875 	DATA 	Keypress: up
38.4887 	EXP 	New trial (rep=2, index=8): {u'correct_ans': u'right', u'images': u'images/rat_cat.jpeg', u'type_of_image': u'cat'}
38.5029 	EXP 	image: autoDraw = False
38.5029 	EXP 	image: image = u'images/rat_cat.jpeg'
38.5029 	EXP 	image: autoDraw = True
39.1860 	DATA 	Keypress: right
39.1870 	EXP 	New trial (rep=2, index=9): {u'correct_ans': u'left', u'images': u'images/gorilla_tongue.jpeg', u'type_of_image': u'gorilla'}
39.2011 	EXP 	image: autoDraw = False
39.2011 	EXP 	image: image = u'images/gorilla_tongue.jpeg'
39.2011 	EXP 	image: autoDraw = True
40.0672 	DATA 	Keypress: left
40.0683 	EXP 	New trial (rep=3, index=0): {u'correct_ans': u'right', u'images': u'images/ear_muffs_cat.jpeg', u'type_of_image': u'cat'}
40.0824 	EXP 	image: autoDraw = False
40.0824 	EXP 	image: image = u'images/ear_muffs_cat.jpeg'
40.0824 	EXP 	image: autoDraw = True
41.1314 	DATA 	Keypress: right
41.1325 	EXP 	New trial (rep=3, index=1): {u'correct_ans': u'right', u'images': u'images/rat_cat.jpeg', u'type_of_image': u'cat'}
41.1466 	EXP 	image: autoDraw = False
41.1466 	EXP 	image: image = u'images/rat_cat.jpeg'
41.1466 	EXP 	image: autoDraw = True
41.6634 	DATA 	Keypress: right
41.6645 	EXP 	New trial (rep=3, index=2): {u'correct_ans': u'left', u'images': u'images/gorilla_tongue.jpeg', u'type_of_image': u'gorilla'}
41.6787 	EXP 	image: autoDraw = False
41.6787 	EXP 	image: image = u'images/gorilla_tongue.jpeg'
41.6787 	EXP 	image: autoDraw = True
42.3285 	DATA 	Keypress: left
42.3297 	EXP 	New trial (rep=3, index=3): {u'correct_ans': u'right', u'images': u'images/cat_eyes.jpeg', u'type_of_image': u'cat'}
42.3438 	EXP 	image: autoDraw = False
42.3438 	EXP 	image: image = u'images/cat_eyes.jpeg'
42.3438 	EXP 	image: autoDraw = True
43.0760 	DATA 	Keypress: right
43.0769 	EXP 	New trial (rep=3, index=4): {u'correct_ans': u'up', u'images': u'images/santa_hog.jpeg', u'type_of_image': u'hog'}
43.0915 	EXP 	image: autoDraw = False
43.0915 	EXP 	image: image = u'images/santa_hog.jpeg'
43.0915 	EXP 	image: autoDraw = True
43.6587 	DATA 	Keypress: up
43.6599 	EXP 	New trial (rep=3, index=5): {u'correct_ans': u'up', u'images': u'images/icecream_hog.jpeg', u'type_of_image': u'hog'}
43.6739 	EXP 	image: autoDraw = False
43.6739 	EXP 	image: image = u'images/icecream_hog.jpeg'
43.6739 	EXP 	image: autoDraw = True
44.2241 	DATA 	Keypress: up
44.2253 	EXP 	New trial (rep=3, index=6): {u'correct_ans': u'left', u'images': u'images/gorilla_fat.jpeg', u'type_of_image': u'gorilla'}
44.2392 	EXP 	image: autoDraw = False
44.2392 	EXP 	image: image = u'images/gorilla_fat.jpeg'
44.2392 	EXP 	image: autoDraw = True
46.5352 	DATA 	Keypress: left
46.5364 	EXP 	New trial (rep=3, index=7): {u'correct_ans': u'left', u'images': u'images/gorilla_face.jpeg', u'type_of_image': u'gorilla'}
46.5503 	EXP 	image: autoDraw = False
46.5503 	EXP 	image: image = u'images/gorilla_face.jpeg'
46.5503 	EXP 	image: autoDraw = True
46.9842 	DATA 	Keypress: left
46.9854 	EXP 	New trial (rep=3, index=8): {u'correct_ans': u'up', u'images': u'images/marshmallow_hog.jpeg', u'type_of_image': u'hog'}
46.9992 	EXP 	image: autoDraw = False
46.9992 	EXP 	image: image = u'images/marshmallow_hog.jpeg'
46.9992 	EXP 	image: autoDraw = True
47.7490 	DATA 	Keypress: right
47.7502 	EXP 	New trial (rep=3, index=9): {u'correct_ans': u'up', u'images': u'images/egg_hog.jpeg', u'type_of_image': u'hog'}
47.7975 	EXP 	image: autoDraw = False
47.7975 	EXP 	image: image = u'images/egg_hog.jpeg'
47.7975 	EXP 	image: autoDraw = True
48.5469 	DATA 	Keypress: up
48.5481 	EXP 	New trial (rep=4, index=0): {u'correct_ans': u'left', u'images': u'images/gorilla_face.jpeg', u'type_of_image': u'gorilla'}
48.5623 	EXP 	image: autoDraw = False
48.5623 	EXP 	image: image = u'images/gorilla_face.jpeg'
48.5623 	EXP 	image: autoDraw = True
49.2954 	DATA 	Keypress: left
49.2965 	EXP 	New trial (rep=4, index=1): {u'correct_ans': u'right', u'images': u'images/cat_eyes.jpeg', u'type_of_image': u'cat'}
49.3105 	EXP 	image: autoDraw = False
49.3105 	EXP 	image: image = u'images/cat_eyes.jpeg'
49.3105 	EXP 	image: autoDraw = True
50.0768 	DATA 	Keypress: right
50.0780 	EXP 	New trial (rep=4, index=2): {u'correct_ans': u'left', u'images': u'images/gorilla_tongue.jpeg', u'type_of_image': u'gorilla'}
50.0920 	EXP 	image: autoDraw = False
50.0920 	EXP 	image: image = u'images/gorilla_tongue.jpeg'
50.0920 	EXP 	image: autoDraw = True
50.8916 	DATA 	Keypress: up
50.8928 	EXP 	New trial (rep=4, index=3): {u'correct_ans': u'right', u'images': u'images/ear_muffs_cat.jpeg', u'type_of_image': u'cat'}
50.9067 	EXP 	image: autoDraw = False
50.9067 	EXP 	image: image = u'images/ear_muffs_cat.jpeg'
50.9067 	EXP 	image: autoDraw = True
52.0564 	DATA 	Keypress: right
52.0722 	EXP 	New trial (rep=4, index=4): {u'correct_ans': u'up', u'images': u'images/marshmallow_hog.jpeg', u'type_of_image': u'hog'}
52.0873 	EXP 	image: autoDraw = False
52.0873 	EXP 	image: image = u'images/marshmallow_hog.jpeg'
52.0873 	EXP 	image: autoDraw = True
52.7371 	DATA 	Keypress: left
52.7383 	EXP 	New trial (rep=4, index=5): {u'correct_ans': u'up', u'images': u'images/icecream_hog.jpeg', u'type_of_image': u'hog'}
52.7523 	EXP 	image: autoDraw = False
52.7523 	EXP 	image: image = u'images/icecream_hog.jpeg'
52.7523 	EXP 	image: autoDraw = True
53.4021 	DATA 	Keypress: up
53.4032 	EXP 	New trial (rep=4, index=6): {u'correct_ans': u'up', u'images': u'images/santa_hog.jpeg', u'type_of_image': u'hog'}
53.4174 	EXP 	image: autoDraw = False
53.4174 	EXP 	image: image = u'images/santa_hog.jpeg'
53.4174 	EXP 	image: autoDraw = True
53.9011 	DATA 	Keypress: up
53.9022 	EXP 	New trial (rep=4, index=7): {u'correct_ans': u'left', u'images': u'images/gorilla_fat.jpeg', u'type_of_image': u'gorilla'}
53.9162 	EXP 	image: autoDraw = False
53.9162 	EXP 	image: image = u'images/gorilla_fat.jpeg'
53.9162 	EXP 	image: autoDraw = True
54.9652 	DATA 	Keypress: left
54.9663 	EXP 	New trial (rep=4, index=8): {u'correct_ans': u'right', u'images': u'images/rat_cat.jpeg', u'type_of_image': u'cat'}
54.9804 	EXP 	image: autoDraw = False
54.9804 	EXP 	image: image = u'images/rat_cat.jpeg'
54.9804 	EXP 	image: autoDraw = True
55.7467 	DATA 	Keypress: right
55.7478 	EXP 	New trial (rep=4, index=9): {u'correct_ans': u'up', u'images': u'images/egg_hog.jpeg', u'type_of_image': u'hog'}
55.7619 	EXP 	image: autoDraw = False
55.7619 	EXP 	image: image = u'images/egg_hog.jpeg'
55.7619 	EXP 	image: autoDraw = True
56.4959 	DATA 	Keypress: up
56.5267 	EXP 	image: autoDraw = False
56.5267 	EXP 	Thank: autoDraw = True
58.5061 	EXP 	window1: mouseVisible = True
