26.6116 	EXP 	Created window1 = Window(allowGUI=False, allowStencil=False, autoLog=True, bitsMode=UNKNOWN, blendMode='avg', color=array([ 0.,  0.,  0.]), colorSpace='rgb', fullscr=UNKNOWN, gamma=None, lms=UNKNOWN, monitor=<psychopy.monitors.calibTools.Monitor instance at 0x10f543368>, name='window1', pos=[0, 0], screen=0, size=array([1280,  800]), stereo=False, units=u'norm', useFBO=True, viewOri=0.0, viewPos=None, viewScale=None, waitBlanking=True, winType='pyglet')
26.6117 	EXP 	window1: recordFrameIntervals = False
26.7827 	EXP 	window1: recordFrameIntervals = True
26.9659 	EXP 	window1: recordFrameIntervals = False
27.3768 	EXP 	Created inst = TextStim(alignHoriz='center', alignVert='center', antialias=True, autoLog=True, bold=False, color='white', colorSpace='named', contrast=1.0, depth=0.0, flipHoriz=False, flipVert=False, font='Arial', fontFiles=[], height=0.1, italic=False, name='inst', opacity=1.0, ori=0, pos=array([ 0.,  0.]), rgb=array([ 255.,  255.,  255.]), text=unicode(...), units=u'norm', win=Window(...), wrapWidth=1)
27.5720 	EXP 	Created image = ImageStim(autoLog=True, color=array([ 1.,  1.,  1.]), colorSpace='rgb', contrast=1.0, depth=0.0, flipHoriz=False, flipVert=False, image='sin', interpolate=True, mask=None, maskParams=None, name='image', opacity=1.0, ori=0.0, pos=array([ 0.,  0.]), size=array([ 0.5,  0.5]), texRes=128, units=u'norm', win=Window(...))
27.5824 	EXP 	Created Thank = TextStim(alignHoriz='center', alignVert='center', antialias=True, autoLog=True, bold=False, color='white', colorSpace='named', contrast=1.0, depth=0.0, flipHoriz=False, flipVert=False, font='Arial', fontFiles=[], height=0.1, italic=False, name='Thank', opacity=1.0, ori=0, pos=array([ 0.,  0.]), rgb=array([ 255.,  255.,  255.]), text=u'Thank you', units=u'norm', win=Window(...), wrapWidth=1)
27.6305 	EXP 	inst: autoDraw = True
33.2136 	DATA 	Keypress: return
34.4335 	DATA 	Keypress: space
34.5478 	EXP 	Imported images/datafile.xlsx as conditions, 10 conditions, 3 params
34.5785 	EXP 	Created sequence: random, trialTypes=10, nReps=1, seed=None
34.5793 	EXP 	New trial (rep=0, index=0): {u'correct_ans': u'left', u'images': u'images/gorilla_face.jpeg', u'type_of_image': u'gorilla'}
34.6633 	EXP 	inst: autoDraw = False
34.6633 	EXP 	image: image = u'images/gorilla_face.jpeg'
34.6633 	EXP 	image: autoDraw = True
35.3470 	DATA 	Keypress: left
35.3777 	EXP 	New trial (rep=0, index=1): {u'correct_ans': u'left', u'images': u'images/gorilla_tongue.jpeg', u'type_of_image': u'gorilla'}
35.4119 	EXP 	image: autoDraw = False
35.4119 	EXP 	image: image = u'images/gorilla_tongue.jpeg'
35.4119 	EXP 	image: autoDraw = True
35.9787 	DATA 	Keypress: left
35.9797 	EXP 	New trial (rep=0, index=2): {u'correct_ans': u'right', u'images': u'images/cat_eyes.jpeg', u'type_of_image': u'cat'}
36.0272 	EXP 	image: autoDraw = False
36.0272 	EXP 	image: image = u'images/cat_eyes.jpeg'
36.0272 	EXP 	image: autoDraw = True
36.7935 	DATA 	Keypress: up
36.7946 	EXP 	New trial (rep=0, index=3): {u'correct_ans': u'up', u'images': u'images/egg_hog.jpeg', u'type_of_image': u'hog'}
36.8087 	EXP 	image: autoDraw = False
36.8087 	EXP 	image: image = u'images/egg_hog.jpeg'
36.8087 	EXP 	image: autoDraw = True
37.6923 	DATA 	Keypress: up
37.7079 	EXP 	New trial (rep=0, index=4): {u'correct_ans': u'left', u'images': u'images/gorilla_fat.jpeg', u'type_of_image': u'gorilla'}
37.7232 	EXP 	image: autoDraw = False
37.7232 	EXP 	image: image = u'images/gorilla_fat.jpeg'
37.7232 	EXP 	image: autoDraw = True
38.6889 	DATA 	Keypress: left
38.6900 	EXP 	New trial (rep=0, index=5): {u'correct_ans': u'right', u'images': u'images/ear_muffs_cat.jpeg', u'type_of_image': u'cat'}
38.7042 	EXP 	image: autoDraw = False
38.7042 	EXP 	image: image = u'images/ear_muffs_cat.jpeg'
38.7042 	EXP 	image: autoDraw = True
39.3883 	DATA 	Keypress: right
39.4039 	EXP 	New trial (rep=0, index=6): {u'correct_ans': u'right', u'images': u'images/rat_cat.jpeg', u'type_of_image': u'cat'}
39.4192 	EXP 	image: autoDraw = False
39.4192 	EXP 	image: image = u'images/rat_cat.jpeg'
39.4192 	EXP 	image: autoDraw = True
39.9527 	DATA 	Keypress: right
39.9537 	EXP 	New trial (rep=0, index=7): {u'correct_ans': u'up', u'images': u'images/icecream_hog.jpeg', u'type_of_image': u'hog'}
39.9677 	EXP 	image: autoDraw = False
39.9677 	EXP 	image: image = u'images/icecream_hog.jpeg'
39.9677 	EXP 	image: autoDraw = True
40.7840 	DATA 	Keypress: left
40.7851 	EXP 	New trial (rep=0, index=8): {u'correct_ans': u'up', u'images': u'images/marshmallow_hog.jpeg', u'type_of_image': u'hog'}
40.7992 	EXP 	image: autoDraw = False
40.7992 	EXP 	image: image = u'images/marshmallow_hog.jpeg'
40.7992 	EXP 	image: autoDraw = True
41.5488 	DATA 	Keypress: up
41.5499 	EXP 	New trial (rep=0, index=9): {u'correct_ans': u'up', u'images': u'images/santa_hog.jpeg', u'type_of_image': u'hog'}
41.5640 	EXP 	image: autoDraw = False
41.5640 	EXP 	image: image = u'images/santa_hog.jpeg'
41.5640 	EXP 	image: autoDraw = True
42.1474 	DATA 	Keypress: up
42.1626 	EXP 	image: autoDraw = False
42.1626 	EXP 	Thank: autoDraw = True
44.1421 	EXP 	window1: mouseVisible = True
